C:\Program Files\Microsoft Visual Studio\2022\Community\MSBuild\Microsoft\VC\v170\Microsoft.CppBuild.targets(517,5): warning MSB8004: Output Directory does not end with a trailing slash.  This build instance will add the slash as it is required to allow proper evaluation of the Output Directory.
  g_ai.c
  g_chase.c
  g_cmds.c
C:\Users\migue\.ssh\MAldana-quake2-full\game\g_ai.c(771,47): warning C4100: 'dist': unreferenced formal parameter
  g_combat.c
C:\Users\migue\.ssh\MAldana-quake2-full\game\g_cmds.c(34,2): warning C4996: 'strcpy': This function or variable may be unsafe. Consider using strcpy_s instead. To disable deprecation, use _CRT_SECURE_NO_WARNINGS. See online help for details.
C:\Users\migue\.ssh\MAldana-quake2-full\game\g_cmds.c(57,2): warning C4996: 'strcpy': This function or variable may be unsafe. Consider using strcpy_s instead. To disable deprecation, use _CRT_SECURE_NO_WARNINGS. See online help for details.
C:\Users\migue\.ssh\MAldana-quake2-full\game\g_cmds.c(58,2): warning C4996: 'strcpy': This function or variable may be unsafe. Consider using strcpy_s instead. To disable deprecation, use _CRT_SECURE_NO_WARNINGS. See online help for details.
C:\Users\migue\.ssh\MAldana-quake2-full\game\g_cmds.c(722,4): warning C4996: 'strcat': This function or variable may be unsafe. Consider using strcat_s instead. To disable deprecation, use _CRT_SECURE_NO_WARNINGS. See online help for details.
C:\Users\migue\.ssh\MAldana-quake2-full\game\g_cmds.c(725,3): warning C4996: 'strcat': This function or variable may be unsafe. Consider using strcat_s instead. To disable deprecation, use _CRT_SECURE_NO_WARNINGS. See online help for details.
C:\Users\migue\.ssh\MAldana-quake2-full\game\g_cmds.c(808,3): warning C4996: 'strcat': This function or variable may be unsafe. Consider using strcat_s instead. To disable deprecation, use _CRT_SECURE_NO_WARNINGS. See online help for details.
C:\Users\migue\.ssh\MAldana-quake2-full\game\g_cmds.c(809,3): warning C4996: 'strcat': This function or variable may be unsafe. Consider using strcat_s instead. To disable deprecation, use _CRT_SECURE_NO_WARNINGS. See online help for details.
C:\Users\migue\.ssh\MAldana-quake2-full\game\g_cmds.c(810,3): warning C4996: 'strcat': This function or variable may be unsafe. Consider using strcat_s instead. To disable deprecation, use _CRT_SECURE_NO_WARNINGS. See online help for details.
C:\Users\migue\.ssh\MAldana-quake2-full\game\g_cmds.c(821,3): warning C4996: 'strcat': This function or variable may be unsafe. Consider using strcat_s instead. To disable deprecation, use _CRT_SECURE_NO_WARNINGS. See online help for details.
C:\Users\migue\.ssh\MAldana-quake2-full\game\g_cmds.c(828,2): warning C4996: 'strcat': This function or variable may be unsafe. Consider using strcat_s instead. To disable deprecation, use _CRT_SECURE_NO_WARNINGS. See online help for details.
C:\Users\migue\.ssh\MAldana-quake2-full\game\g_cmds.c(875,7): warning C4459: declaration of 'st' hides global declaration
  C:\Users\migue\.ssh\MAldana-quake2-full\game\g_local.h(476,21):
  see declaration of 'st'
  
C:\Users\migue\.ssh\MAldana-quake2-full\game\g_cmds.c(897,3): warning C4996: 'strcat': This function or variable may be unsafe. Consider using strcat_s instead. To disable deprecation, use _CRT_SECURE_NO_WARNINGS. See online help for details.
C:\Users\migue\.ssh\MAldana-quake2-full\game\g_cmds.c(885,3): warning C4996: 'sprintf': This function or variable may be unsafe. Consider using sprintf_s instead. To disable deprecation, use _CRT_SECURE_NO_WARNINGS. See online help for details.
C:\Users\migue\.ssh\MAldana-quake2-full\game\g_cmds.c(893,4): warning C4996: 'sprintf': This function or variable may be unsafe. Consider using sprintf_s instead. To disable deprecation, use _CRT_SECURE_NO_WARNINGS. See online help for details.
C:\Users\migue\.ssh\MAldana-quake2-full\game\g_combat.c(370,51): warning C4100: 'attacker': unreferenced formal parameter
C:\Users\migue\.ssh\MAldana-quake2-full\game\g_combat.c(370,36): warning C4100: 'targ': unreferenced formal parameter
  g_func.c
C:\Users\migue\.ssh\MAldana-quake2-full\game\g_func.c(428,55): warning C4100: 'activator': unreferenced formal parameter
C:\Users\migue\.ssh\MAldana-quake2-full\game\g_func.c(428,39): warning C4100: 'other': unreferenced formal parameter
C:\Users\migue\.ssh\MAldana-quake2-full\game\g_func.c(436,84): warning C4100: 'surf': unreferenced formal parameter
C:\Users\migue\.ssh\MAldana-quake2-full\game\g_func.c(436,65): warning C4100: 'plane': unreferenced formal parameter
C:\Users\migue\.ssh\MAldana-quake2-full\game\g_func.c(600,82): warning C4100: 'surf': unreferenced formal parameter
C:\Users\migue\.ssh\MAldana-quake2-full\game\g_func.c(600,63): warning C4100: 'plane': unreferenced formal parameter
C:\Users\migue\.ssh\MAldana-quake2-full\game\g_func.c(606,60): warning C4100: 'activator': unreferenced formal parameter
C:\Users\migue\.ssh\MAldana-quake2-full\game\g_func.c(606,44): warning C4100: 'other': unreferenced formal parameter
C:\Users\migue\.ssh\MAldana-quake2-full\game\g_func.c(737,42): warning C4100: 'other': unreferenced formal parameter
C:\Users\migue\.ssh\MAldana-quake2-full\game\g_func.c(743,80): warning C4100: 'surf': unreferenced formal parameter
C:\Users\migue\.ssh\MAldana-quake2-full\game\g_func.c(743,61): warning C4100: 'plane': unreferenced formal parameter
C:\Users\migue\.ssh\MAldana-quake2-full\game\g_func.c(755,94): warning C4100: 'point': unreferenced formal parameter
C:\Users\migue\.ssh\MAldana-quake2-full\game\g_func.c(755,79): warning C4100: 'damage': unreferenced formal parameter
C:\Users\migue\.ssh\MAldana-quake2-full\game\g_func.c(755,45): warning C4100: 'inflictor': unreferenced formal parameter
C:\Users\migue\.ssh\MAldana-quake2-full\game\g_func.c(949,40): warning C4100: 'other': unreferenced formal parameter
C:\Users\migue\.ssh\MAldana-quake2-full\game\g_func.c(980,85): warning C4100: 'surf': unreferenced formal parameter
C:\Users\migue\.ssh\MAldana-quake2-full\game\g_func.c(980,66): warning C4100: 'plane': unreferenced formal parameter
C:\Users\migue\.ssh\MAldana-quake2-full\game\g_func.c(1113,92): warning C4100: 'point': unreferenced formal parameter
C:\Users\migue\.ssh\MAldana-quake2-full\game\g_func.c(1113,77): warning C4100: 'damage': unreferenced formal parameter
C:\Users\migue\.ssh\MAldana-quake2-full\game\g_func.c(1113,43): warning C4100: 'inflictor': unreferenced formal parameter
C:\Users\migue\.ssh\MAldana-quake2-full\game\g_func.c(1125,78): warning C4100: 'surf': unreferenced formal parameter
C:\Users\migue\.ssh\MAldana-quake2-full\game\g_func.c(1125,59): warning C4100: 'plane': unreferenced formal parameter
C:\Users\migue\.ssh\MAldana-quake2-full\game\g_func.c(1633,41): warning C4100: 'other': unreferenced formal parameter
C:\Users\migue\.ssh\MAldana-quake2-full\game\g_func.c(1699,68): warning C4100: 'activator': unreferenced formal parameter
C:\Users\migue\.ssh\MAldana-quake2-full\game\g_func.c(1777,46): warning C4100: 'other': unreferenced formal parameter
C:\Users\migue\.ssh\MAldana-quake2-full\game\g_func.c(1825,65): warning C4100: 'activator': unreferenced formal parameter
C:\Users\migue\.ssh\MAldana-quake2-full\game\g_func.c(1825,49): warning C4100: 'other': unreferenced formal parameter
C:\Users\migue\.ssh\MAldana-quake2-full\game\g_func.c(1886,63): warning C4100: 'activator': unreferenced formal parameter
C:\Users\migue\.ssh\MAldana-quake2-full\game\g_func.c(1886,47): warning C4100: 'other': unreferenced formal parameter
C:\Users\migue\.ssh\MAldana-quake2-full\game\g_func.c(1960,96): warning C4100: 'point': unreferenced formal parameter
C:\Users\migue\.ssh\MAldana-quake2-full\game\g_func.c(1960,81): warning C4100: 'damage': unreferenced formal parameter
C:\Users\migue\.ssh\MAldana-quake2-full\game\g_func.c(1960,47): warning C4100: 'inflictor': unreferenced formal parameter
C:\Users\migue\.ssh\MAldana-quake2-full\game\g_func.c(2037,59): warning C4100: 'activator': unreferenced formal parameter
C:\Users\migue\.ssh\MAldana-quake2-full\game\g_func.c(2037,43): warning C4100: 'other': unreferenced formal parameter
  g_items.c
C:\Users\migue\.ssh\MAldana-quake2-full\game\g_items.c(43,30): warning C4211: nonstandard extension used: redefined extern to static
C:\Users\migue\.ssh\MAldana-quake2-full\game\g_items.c(44,30): warning C4211: nonstandard extension used: redefined extern to static
C:\Users\migue\.ssh\MAldana-quake2-full\game\g_items.c(45,28): warning C4211: nonstandard extension used: redefined extern to static
C:\Users\migue\.ssh\MAldana-quake2-full\game\g_items.c(705,45): warning C4100: 'item': unreferenced formal parameter
C:\Users\migue\.ssh\MAldana-quake2-full\game\g_items.c(761,77): warning C4100: 'surf': unreferenced formal parameter
C:\Users\migue\.ssh\MAldana-quake2-full\game\g_items.c(761,58): warning C4100: 'plane': unreferenced formal parameter
C:\Users\migue\.ssh\MAldana-quake2-full\game\g_items.c(892,55): warning C4100: 'activator': unreferenced formal parameter
C:\Users\migue\.ssh\MAldana-quake2-full\game\g_items.c(892,39): warning C4100: 'other': unreferenced formal parameter
C:\Users\migue\.ssh\MAldana-quake2-full\game\g_items.c(1160,3): warning C4047: 'initializing': 'char *' differs in levels of indirection from 'int'
C:\Users\migue\.ssh\MAldana-quake2-full\game\g_items.c(1162,4): warning C4047: 'initializing': 'int' differs in levels of indirection from 'gitem_armor_t *'
C:\Users\migue\.ssh\MAldana-quake2-full\game\g_items.c(1163,3): warning C4047: 'initializing': 'void *' differs in levels of indirection from 'int'
C:\Users\migue\.ssh\MAldana-quake2-full\game\g_items.c(1164,16): warning C4047: 'initializing': 'int' differs in levels of indirection from 'char [1]'
C:\Users\migue\.ssh\MAldana-quake2-full\game\g_items.c(1183,3): warning C4047: 'initializing': 'char *' differs in levels of indirection from 'int'
C:\Users\migue\.ssh\MAldana-quake2-full\game\g_items.c(1185,4): warning C4047: 'initializing': 'int' differs in levels of indirection from 'gitem_armor_t *'
C:\Users\migue\.ssh\MAldana-quake2-full\game\g_items.c(1186,3): warning C4047: 'initializing': 'void *' differs in levels of indirection from 'int'
C:\Users\migue\.ssh\MAldana-quake2-full\game\g_items.c(1187,16): warning C4047: 'initializing': 'int' differs in levels of indirection from 'char [1]'
C:\Users\migue\.ssh\MAldana-quake2-full\game\g_items.c(1206,3): warning C4047: 'initializing': 'char *' differs in levels of indirection from 'int'
C:\Users\migue\.ssh\MAldana-quake2-full\game\g_items.c(1208,4): warning C4047: 'initializing': 'int' differs in levels of indirection from 'gitem_armor_t *'
C:\Users\migue\.ssh\MAldana-quake2-full\game\g_items.c(1209,3): warning C4047: 'initializing': 'void *' differs in levels of indirection from 'int'
C:\Users\migue\.ssh\MAldana-quake2-full\game\g_items.c(1210,16): warning C4047: 'initializing': 'int' differs in levels of indirection from 'char [1]'
C:\Users\migue\.ssh\MAldana-quake2-full\game\g_items.c(1229,3): warning C4047: 'initializing': 'char *' differs in levels of indirection from 'int'
C:\Users\migue\.ssh\MAldana-quake2-full\game\g_items.c(1231,3): warning C4047: 'initializing': 'int' differs in levels of indirection from 'void *'
C:\Users\migue\.ssh\MAldana-quake2-full\game\g_items.c(1232,3): warning C4047: 'initializing': 'void *' differs in levels of indirection from 'int'
C:\Users\migue\.ssh\MAldana-quake2-full\game\g_items.c(1233,16): warning C4047: 'initializing': 'int' differs in levels of indirection from 'char [1]'
C:\Users\migue\.ssh\MAldana-quake2-full\game\g_items.c(1253,3): warning C4047: 'initializing': 'char *' differs in levels of indirection from 'int'
C:\Users\migue\.ssh\MAldana-quake2-full\game\g_items.c(1255,3): warning C4047: 'initializing': 'int' differs in levels of indirection from 'void *'
C:\Users\migue\.ssh\MAldana-quake2-full\game\g_items.c(1257,16): warning C4047: 'initializing': 'int' differs in levels of indirection from 'char [1]'
C:\Users\migue\.ssh\MAldana-quake2-full\game\g_items.c(1276,3): warning C4047: 'initializing': 'char *' differs in levels of indirection from 'int'
C:\Users\migue\.ssh\MAldana-quake2-full\game\g_items.c(1278,3): warning C4047: 'initializing': 'int' differs in levels of indirection from 'void *'
C:\Users\migue\.ssh\MAldana-quake2-full\game\g_items.c(1280,16): warning C4047: 'initializing': 'int' differs in levels of indirection from 'char [32]'
C:\Users\migue\.ssh\MAldana-quake2-full\game\g_items.c(1305,12): warning C4047: 'initializing': 'char *' differs in levels of indirection from 'int'
C:\Users\migue\.ssh\MAldana-quake2-full\game\g_items.c(1307,3): warning C4047: 'initializing': 'int' differs in levels of indirection from 'void *'
C:\Users\migue\.ssh\MAldana-quake2-full\game\g_items.c(1309,16): warning C4047: 'initializing': 'int' differs in levels of indirection from 'char [37]'
C:\Users\migue\.ssh\MAldana-quake2-full\game\g_items.c(1328,12): warning C4047: 'initializing': 'char *' differs in levels of indirection from 'int'
C:\Users\migue\.ssh\MAldana-quake2-full\game\g_items.c(1330,3): warning C4047: 'initializing': 'int' differs in levels of indirection from 'void *'
C:\Users\migue\.ssh\MAldana-quake2-full\game\g_items.c(1332,16): warning C4047: 'initializing': 'int' differs in levels of indirection from 'char [42]'
C:\Users\migue\.ssh\MAldana-quake2-full\game\g_items.c(1351,12): warning C4047: 'initializing': 'char *' differs in levels of indirection from 'int'
C:\Users\migue\.ssh\MAldana-quake2-full\game\g_items.c(1353,3): warning C4047: 'initializing': 'int' differs in levels of indirection from 'void *'
C:\Users\migue\.ssh\MAldana-quake2-full\game\g_items.c(1355,16): warning C4047: 'initializing': 'int' differs in levels of indirection from 'char [21]'
C:\Users\migue\.ssh\MAldana-quake2-full\game\g_items.c(1374,12): warning C4047: 'initializing': 'char *' differs in levels of indirection from 'int'
C:\Users\migue\.ssh\MAldana-quake2-full\game\g_items.c(1376,3): warning C4047: 'initializing': 'int' differs in levels of indirection from 'void *'
C:\Users\migue\.ssh\MAldana-quake2-full\game\g_items.c(1378,16): warning C4047: 'initializing': 'int' differs in levels of indirection from 'char [105]'
C:\Users\migue\.ssh\MAldana-quake2-full\game\g_items.c(1397,12): warning C4047: 'initializing': 'char *' differs in levels of indirection from 'int'
C:\Users\migue\.ssh\MAldana-quake2-full\game\g_items.c(1399,3): warning C4047: 'initializing': 'int' differs in levels of indirection from 'void *'
C:\Users\migue\.ssh\MAldana-quake2-full\game\g_items.c(1401,16): warning C4047: 'initializing': 'int' differs in levels of indirection from 'char [85]'
C:\Users\migue\.ssh\MAldana-quake2-full\game\g_items.c(1420,10): warning C4047: 'initializing': 'char *' differs in levels of indirection from 'int'
C:\Users\migue\.ssh\MAldana-quake2-full\game\g_items.c(1422,3): warning C4047: 'initializing': 'int' differs in levels of indirection from 'void *'
C:\Users\migue\.ssh\MAldana-quake2-full\game\g_items.c(1423,3): warning C4047: 'initializing': 'void *' differs in levels of indirection from 'int'
C:\Users\migue\.ssh\MAldana-quake2-full\game\g_items.c(1424,16): warning C4047: 'initializing': 'int' differs in levels of indirection from 'char [106]'
C:\Users\migue\.ssh\MAldana-quake2-full\game\g_items.c(1443,12): warning C4047: 'initializing': 'char *' differs in levels of indirection from 'int'
C:\Users\migue\.ssh\MAldana-quake2-full\game\g_items.c(1445,3): warning C4047: 'initializing': 'int' differs in levels of indirection from 'void *'
C:\Users\migue\.ssh\MAldana-quake2-full\game\g_items.c(1447,16): warning C4047: 'initializing': 'int' differs in levels of indirection from 'char [95]'
C:\Users\migue\.ssh\MAldana-quake2-full\game\g_items.c(1466,12): warning C4047: 'initializing': 'char *' differs in levels of indirection from 'int'
C:\Users\migue\.ssh\MAldana-quake2-full\game\g_items.c(1468,3): warning C4047: 'initializing': 'int' differs in levels of indirection from 'void *'
C:\Users\migue\.ssh\MAldana-quake2-full\game\g_items.c(1470,16): warning C4047: 'initializing': 'int' differs in levels of indirection from 'char [125]'
C:\Users\migue\.ssh\MAldana-quake2-full\game\g_items.c(1489,12): warning C4047: 'initializing': 'char *' differs in levels of indirection from 'int'
C:\Users\migue\.ssh\MAldana-quake2-full\game\g_items.c(1491,3): warning C4047: 'initializing': 'int' differs in levels of indirection from 'void *'
C:\Users\migue\.ssh\MAldana-quake2-full\game\g_items.c(1493,16): warning C4047: 'initializing': 'int' differs in levels of indirection from 'char [100]'
C:\Users\migue\.ssh\MAldana-quake2-full\game\g_items.c(1512,12): warning C4047: 'initializing': 'char *' differs in levels of indirection from 'int'
C:\Users\migue\.ssh\MAldana-quake2-full\game\g_items.c(1514,3): warning C4047: 'initializing': 'int' differs in levels of indirection from 'void *'
C:\Users\migue\.ssh\MAldana-quake2-full\game\g_items.c(1516,16): warning C4047: 'initializing': 'int' differs in levels of indirection from 'char [19]'
C:\Users\migue\.ssh\MAldana-quake2-full\game\g_items.c(1535,12): warning C4047: 'initializing': 'char *' differs in levels of indirection from 'int'
C:\Users\migue\.ssh\MAldana-quake2-full\game\g_items.c(1537,3): warning C4047: 'initializing': 'int' differs in levels of indirection from 'void *'
C:\Users\migue\.ssh\MAldana-quake2-full\game\g_items.c(1539,16): warning C4047: 'initializing': 'int' differs in levels of indirection from 'char [140]'
C:\Users\migue\.ssh\MAldana-quake2-full\game\g_items.c(1562,3): warning C4047: 'initializing': 'char *' differs in levels of indirection from 'int'
C:\Users\migue\.ssh\MAldana-quake2-full\game\g_items.c(1564,3): warning C4047: 'initializing': 'int' differs in levels of indirection from 'void *'
C:\Users\migue\.ssh\MAldana-quake2-full\game\g_items.c(1565,3): warning C4047: 'initializing': 'void *' differs in levels of indirection from 'int'
C:\Users\migue\.ssh\MAldana-quake2-full\game\g_items.c(1566,16): warning C4047: 'initializing': 'int' differs in levels of indirection from 'char [1]'
C:\Users\migue\.ssh\MAldana-quake2-full\game\g_items.c(1585,3): warning C4047: 'initializing': 'char *' differs in levels of indirection from 'int'
C:\Users\migue\.ssh\MAldana-quake2-full\game\g_items.c(1587,3): warning C4047: 'initializing': 'int' differs in levels of indirection from 'void *'
C:\Users\migue\.ssh\MAldana-quake2-full\game\g_items.c(1589,16): warning C4047: 'initializing': 'int' differs in levels of indirection from 'char [1]'
C:\Users\migue\.ssh\MAldana-quake2-full\game\g_items.c(1608,3): warning C4047: 'initializing': 'char *' differs in levels of indirection from 'int'
C:\Users\migue\.ssh\MAldana-quake2-full\game\g_items.c(1610,3): warning C4047: 'initializing': 'int' differs in levels of indirection from 'void *'
C:\Users\migue\.ssh\MAldana-quake2-full\game\g_items.c(1611,3): warning C4047: 'initializing': 'void *' differs in levels of indirection from 'int'
C:\Users\migue\.ssh\MAldana-quake2-full\game\g_items.c(1612,16): warning C4047: 'initializing': 'int' differs in levels of indirection from 'char [1]'
C:\Users\migue\.ssh\MAldana-quake2-full\game\g_items.c(1631,3): warning C4047: 'initializing': 'char *' differs in levels of indirection from 'int'
C:\Users\migue\.ssh\MAldana-quake2-full\game\g_items.c(1633,3): warning C4047: 'initializing': 'int' differs in levels of indirection from 'void *'
C:\Users\migue\.ssh\MAldana-quake2-full\game\g_items.c(1634,3): warning C4047: 'initializing': 'void *' differs in levels of indirection from 'int'
C:\Users\migue\.ssh\MAldana-quake2-full\game\g_items.c(1635,16): warning C4047: 'initializing': 'int' differs in levels of indirection from 'char [1]'
C:\Users\migue\.ssh\MAldana-quake2-full\game\g_items.c(1654,3): warning C4047: 'initializing': 'char *' differs in levels of indirection from 'int'
C:\Users\migue\.ssh\MAldana-quake2-full\game\g_items.c(1656,3): warning C4047: 'initializing': 'int' differs in levels of indirection from 'void *'
C:\Users\migue\.ssh\MAldana-quake2-full\game\g_items.c(1657,3): warning C4047: 'initializing': 'void *' differs in levels of indirection from 'int'
C:\Users\migue\.ssh\MAldana-quake2-full\game\g_items.c(1658,16): warning C4047: 'initializing': 'int' differs in levels of indirection from 'char [1]'
C:\Users\migue\.ssh\MAldana-quake2-full\game\g_items.c(1681,3): warning C4047: 'initializing': 'char *' differs in levels of indirection from 'int'
C:\Users\migue\.ssh\MAldana-quake2-full\game\g_items.c(1683,3): warning C4047: 'initializing': 'int' differs in levels of indirection from 'void *'
C:\Users\migue\.ssh\MAldana-quake2-full\game\g_items.c(1685,16): warning C4047: 'initializing': 'int' differs in levels of indirection from 'char [53]'
C:\Users\migue\.ssh\MAldana-quake2-full\game\g_items.c(1704,3): warning C4047: 'initializing': 'char *' differs in levels of indirection from 'int'
C:\Users\migue\.ssh\MAldana-quake2-full\game\g_items.c(1706,3): warning C4047: 'initializing': 'int' differs in levels of indirection from 'void *'
C:\Users\migue\.ssh\MAldana-quake2-full\game\g_items.c(1708,16): warning C4047: 'initializing': 'int' differs in levels of indirection from 'char [56]'
C:\Users\migue\.ssh\MAldana-quake2-full\game\g_items.c(1727,3): warning C4047: 'initializing': 'char *' differs in levels of indirection from 'int'
C:\Users\migue\.ssh\MAldana-quake2-full\game\g_items.c(1729,3): warning C4047: 'initializing': 'int' differs in levels of indirection from 'void *'
C:\Users\migue\.ssh\MAldana-quake2-full\game\g_items.c(1731,16): warning C4047: 'initializing': 'int' differs in levels of indirection from 'char [1]'
C:\Users\migue\.ssh\MAldana-quake2-full\game\g_items.c(1750,15): warning C4047: 'initializing': 'char *' differs in levels of indirection from 'int'
C:\Users\migue\.ssh\MAldana-quake2-full\game\g_items.c(1752,3): warning C4047: 'initializing': 'int' differs in levels of indirection from 'void *'
C:\Users\migue\.ssh\MAldana-quake2-full\game\g_items.c(1754,16): warning C4047: 'initializing': 'int' differs in levels of indirection from 'char [17]'
C:\Users\migue\.ssh\MAldana-quake2-full\game\g_items.c(1773,15): warning C4047: 'initializing': 'char *' differs in levels of indirection from 'int'
C:\Users\migue\.ssh\MAldana-quake2-full\game\g_items.c(1775,3): warning C4047: 'initializing': 'int' differs in levels of indirection from 'void *'
C:\Users\migue\.ssh\MAldana-quake2-full\game\g_items.c(1777,16): warning C4047: 'initializing': 'int' differs in levels of indirection from 'char [17]'
C:\Users\migue\.ssh\MAldana-quake2-full\game\g_items.c(1799,3): warning C4047: 'initializing': 'int' differs in levels of indirection from 'void *'
C:\Users\migue\.ssh\MAldana-quake2-full\game\g_items.c(1801,16): warning C4047: 'initializing': 'int' differs in levels of indirection from 'char [1]'
C:\Users\migue\.ssh\MAldana-quake2-full\game\g_items.c(1823,3): warning C4047: 'initializing': 'int' differs in levels of indirection from 'void *'
C:\Users\migue\.ssh\MAldana-quake2-full\game\g_items.c(1825,16): warning C4047: 'initializing': 'int' differs in levels of indirection from 'char [1]'
C:\Users\migue\.ssh\MAldana-quake2-full\game\g_items.c(1846,3): warning C4047: 'initializing': 'int' differs in levels of indirection from 'void *'
C:\Users\migue\.ssh\MAldana-quake2-full\game\g_items.c(1848,16): warning C4047: 'initializing': 'int' differs in levels of indirection from 'char [1]'
C:\Users\migue\.ssh\MAldana-quake2-full\game\g_items.c(1869,3): warning C4047: 'initializing': 'int' differs in levels of indirection from 'void *'
C:\Users\migue\.ssh\MAldana-quake2-full\game\g_items.c(1871,16): warning C4047: 'initializing': 'int' differs in levels of indirection from 'char [1]'
C:\Users\migue\.ssh\MAldana-quake2-full\game\g_items.c(1894,15): warning C4047: 'initializing': 'char *' differs in levels of indirection from 'int'
C:\Users\migue\.ssh\MAldana-quake2-full\game\g_items.c(1896,3): warning C4047: 'initializing': 'int' differs in levels of indirection from 'void *'
C:\Users\migue\.ssh\MAldana-quake2-full\game\g_items.c(1898,16): warning C4047: 'initializing': 'int' differs in levels of indirection from 'char [1]'
C:\Users\migue\.ssh\MAldana-quake2-full\game\g_items.c(1918,15): warning C4047: 'initializing': 'char *' differs in levels of indirection from 'int'
C:\Users\migue\.ssh\MAldana-quake2-full\game\g_items.c(1920,3): warning C4047: 'initializing': 'int' differs in levels of indirection from 'void *'
C:\Users\migue\.ssh\MAldana-quake2-full\game\g_items.c(1922,16): warning C4047: 'initializing': 'int' differs in levels of indirection from 'char [1]'
C:\Users\migue\.ssh\MAldana-quake2-full\game\g_items.c(1942,15): warning C4047: 'initializing': 'char *' differs in levels of indirection from 'int'
C:\Users\migue\.ssh\MAldana-quake2-full\game\g_items.c(1944,3): warning C4047: 'initializing': 'int' differs in levels of indirection from 'void *'
C:\Users\migue\.ssh\MAldana-quake2-full\game\g_items.c(1946,16): warning C4047: 'initializing': 'int' differs in levels of indirection from 'char [1]'
C:\Users\migue\.ssh\MAldana-quake2-full\game\g_items.c(1966,15): warning C4047: 'initializing': 'char *' differs in levels of indirection from 'int'
C:\Users\migue\.ssh\MAldana-quake2-full\game\g_items.c(1968,3): warning C4047: 'initializing': 'int' differs in levels of indirection from 'void *'
C:\Users\migue\.ssh\MAldana-quake2-full\game\g_items.c(1970,16): warning C4047: 'initializing': 'int' differs in levels of indirection from 'char [1]'
C:\Users\migue\.ssh\MAldana-quake2-full\game\g_items.c(1990,15): warning C4047: 'initializing': 'char *' differs in levels of indirection from 'int'
C:\Users\migue\.ssh\MAldana-quake2-full\game\g_items.c(1992,3): warning C4047: 'initializing': 'int' differs in levels of indirection from 'void *'
C:\Users\migue\.ssh\MAldana-quake2-full\game\g_items.c(1994,16): warning C4047: 'initializing': 'int' differs in levels of indirection from 'char [1]'
C:\Users\migue\.ssh\MAldana-quake2-full\game\g_items.c(2014,15): warning C4047: 'initializing': 'char *' differs in levels of indirection from 'int'
C:\Users\migue\.ssh\MAldana-quake2-full\game\g_items.c(2016,3): warning C4047: 'initializing': 'int' differs in levels of indirection from 'void *'
C:\Users\migue\.ssh\MAldana-quake2-full\game\g_items.c(2018,16): warning C4047: 'initializing': 'int' differs in levels of indirection from 'char [1]'
C:\Users\migue\.ssh\MAldana-quake2-full\game\g_items.c(2038,15): warning C4047: 'initializing': 'char *' differs in levels of indirection from 'int'
C:\Users\migue\.ssh\MAldana-quake2-full\game\g_items.c(2040,3): warning C4047: 'initializing': 'int' differs in levels of indirection from 'void *'
C:\Users\migue\.ssh\MAldana-quake2-full\game\g_items.c(2042,16): warning C4047: 'initializing': 'int' differs in levels of indirection from 'char [1]'
C:\Users\migue\.ssh\MAldana-quake2-full\game\g_items.c(2062,15): warning C4047: 'initializing': 'char *' differs in levels of indirection from 'int'
C:\Users\migue\.ssh\MAldana-quake2-full\game\g_items.c(2064,3): warning C4047: 'initializing': 'int' differs in levels of indirection from 'void *'
C:\Users\migue\.ssh\MAldana-quake2-full\game\g_items.c(2066,16): warning C4047: 'initializing': 'int' differs in levels of indirection from 'char [1]'
C:\Users\migue\.ssh\MAldana-quake2-full\game\g_items.c(2086,15): warning C4047: 'initializing': 'char *' differs in levels of indirection from 'int'
C:\Users\migue\.ssh\MAldana-quake2-full\game\g_items.c(2088,3): warning C4047: 'initializing': 'int' differs in levels of indirection from 'void *'
C:\Users\migue\.ssh\MAldana-quake2-full\game\g_items.c(2090,16): warning C4047: 'initializing': 'int' differs in levels of indirection from 'char [1]'
C:\Users\migue\.ssh\MAldana-quake2-full\game\g_items.c(2109,3): warning C4047: 'initializing': 'int' differs in levels of indirection from 'void *'
C:\Users\migue\.ssh\MAldana-quake2-full\game\g_items.c(2111,16): warning C4047: 'initializing': 'int' differs in levels of indirection from 'char [76]'
  g_main.c
C:\Users\migue\.ssh\MAldana-quake2-full\game\g_main.c(148,2): warning C4996: 'vsprintf': This function or variable may be unsafe. Consider using vsprintf_s instead. To disable deprecation, use _CRT_SECURE_NO_WARNINGS. See online help for details.
C:\Users\migue\.ssh\MAldana-quake2-full\game\g_main.c(160,2): warning C4996: 'vsprintf': This function or variable may be unsafe. Consider using vsprintf_s instead. To disable deprecation, use _CRT_SECURE_NO_WARNINGS. See online help for details.
C:\Users\migue\.ssh\MAldana-quake2-full\game\g_main.c(233,7): warning C4996: 'strdup': The POSIX name for this item is deprecated. Instead, use the ISO C and C++ conformant name: _strdup. See online help for details.
C:\Users\migue\.ssh\MAldana-quake2-full\game\g_main.c(235,7): warning C4996: 'strtok': This function or variable may be unsafe. Consider using strtok_s instead. To disable deprecation, use _CRT_SECURE_NO_WARNINGS. See online help for details.
C:\Users\migue\.ssh\MAldana-quake2-full\game\g_main.c(239,9): warning C4996: 'strtok': This function or variable may be unsafe. Consider using strtok_s instead. To disable deprecation, use _CRT_SECURE_NO_WARNINGS. See online help for details.
C:\Users\migue\.ssh\MAldana-quake2-full\game\g_main.c(252,8): warning C4996: 'strtok': This function or variable may be unsafe. Consider using strtok_s instead. To disable deprecation, use _CRT_SECURE_NO_WARNINGS. See online help for details.
  g_misc.c
C:\Users\migue\.ssh\MAldana-quake2-full\game\g_misc.c(31,61): warning C4100: 'activator': unreferenced formal parameter
C:\Users\migue\.ssh\MAldana-quake2-full\game\g_misc.c(31,45): warning C4100: 'other': unreferenced formal parameter
C:\Users\migue\.ssh\MAldana-quake2-full\game\g_misc.c(104,77): warning C4100: 'surf': unreferenced formal parameter
C:\Users\migue\.ssh\MAldana-quake2-full\game\g_misc.c(104,41): warning C4100: 'other': unreferenced formal parameter
C:\Users\migue\.ssh\MAldana-quake2-full\game\g_misc.c(130,88): warning C4100: 'point': unreferenced formal parameter
C:\Users\migue\.ssh\MAldana-quake2-full\game\g_misc.c(130,73): warning C4100: 'damage': unreferenced formal parameter
C:\Users\migue\.ssh\MAldana-quake2-full\game\g_misc.c(130,59): warning C4100: 'attacker': unreferenced formal parameter
C:\Users\migue\.ssh\MAldana-quake2-full\game\g_misc.c(130,39): warning C4100: 'inflictor': unreferenced formal parameter
C:\Users\migue\.ssh\MAldana-quake2-full\game\g_misc.c(281,91): warning C4100: 'point': unreferenced formal parameter
C:\Users\migue\.ssh\MAldana-quake2-full\game\g_misc.c(281,76): warning C4100: 'damage': unreferenced formal parameter
C:\Users\migue\.ssh\MAldana-quake2-full\game\g_misc.c(281,62): warning C4100: 'attacker': unreferenced formal parameter
C:\Users\migue\.ssh\MAldana-quake2-full\game\g_misc.c(281,42): warning C4100: 'inflictor': unreferenced formal parameter
C:\Users\migue\.ssh\MAldana-quake2-full\game\g_misc.c(342,85): warning C4100: 'surf': unreferenced formal parameter
C:\Users\migue\.ssh\MAldana-quake2-full\game\g_misc.c(342,66): warning C4100: 'plane': unreferenced formal parameter
C:\Users\migue\.ssh\MAldana-quake2-full\game\g_misc.c(422,86): warning C4100: 'surf': unreferenced formal parameter
C:\Users\migue\.ssh\MAldana-quake2-full\game\g_misc.c(422,67): warning C4100: 'plane': unreferenced formal parameter
C:\Users\migue\.ssh\MAldana-quake2-full\game\g_misc.c(545,64): warning C4100: 'activator': unreferenced formal parameter
C:\Users\migue\.ssh\MAldana-quake2-full\game\g_misc.c(545,48): warning C4100: 'other': unreferenced formal parameter
C:\Users\migue\.ssh\MAldana-quake2-full\game\g_misc.c(593,61): warning C4100: 'activator': unreferenced formal parameter
C:\Users\migue\.ssh\MAldana-quake2-full\game\g_misc.c(593,45): warning C4100: 'other': unreferenced formal parameter
C:\Users\migue\.ssh\MAldana-quake2-full\game\g_misc.c(665,85): warning C4100: 'surf': unreferenced formal parameter
C:\Users\migue\.ssh\MAldana-quake2-full\game\g_misc.c(683,63): warning C4100: 'activator': unreferenced formal parameter
C:\Users\migue\.ssh\MAldana-quake2-full\game\g_misc.c(683,47): warning C4100: 'other': unreferenced formal parameter
C:\Users\migue\.ssh\MAldana-quake2-full\game\g_misc.c(745,103): warning C4100: 'point': unreferenced formal parameter
C:\Users\migue\.ssh\MAldana-quake2-full\game\g_misc.c(745,88): warning C4100: 'damage': unreferenced formal parameter
C:\Users\migue\.ssh\MAldana-quake2-full\game\g_misc.c(809,65): warning C4100: 'activator': unreferenced formal parameter
C:\Users\migue\.ssh\MAldana-quake2-full\game\g_misc.c(814,68): warning C4100: 'activator': unreferenced formal parameter
C:\Users\migue\.ssh\MAldana-quake2-full\game\g_misc.c(814,52): warning C4100: 'other': unreferenced formal parameter
C:\Users\migue\.ssh\MAldana-quake2-full\game\g_misc.c(873,80): warning C4100: 'surf': unreferenced formal parameter
C:\Users\migue\.ssh\MAldana-quake2-full\game\g_misc.c(873,61): warning C4100: 'plane': unreferenced formal parameter
C:\Users\migue\.ssh\MAldana-quake2-full\game\g_misc.c(966,93): warning C4100: 'point': unreferenced formal parameter
C:\Users\migue\.ssh\MAldana-quake2-full\game\g_misc.c(966,78): warning C4100: 'damage': unreferenced formal parameter
C:\Users\migue\.ssh\MAldana-quake2-full\game\g_misc.c(966,44): warning C4100: 'inflictor': unreferenced formal parameter
C:\Users\migue\.ssh\MAldana-quake2-full\game\g_misc.c(1021,65): warning C4100: 'activator': unreferenced formal parameter
C:\Users\migue\.ssh\MAldana-quake2-full\game\g_misc.c(1021,49): warning C4100: 'other': unreferenced formal parameter
C:\Users\migue\.ssh\MAldana-quake2-full\game\g_misc.c(1157,66): warning C4100: 'activator': unreferenced formal parameter
C:\Users\migue\.ssh\MAldana-quake2-full\game\g_misc.c(1157,50): warning C4100: 'other': unreferenced formal parameter
C:\Users\migue\.ssh\MAldana-quake2-full\game\g_misc.c(1217,101): warning C4100: 'point': unreferenced formal parameter
C:\Users\migue\.ssh\MAldana-quake2-full\game\g_misc.c(1217,72): warning C4100: 'attacker': unreferenced formal parameter
C:\Users\migue\.ssh\MAldana-quake2-full\game\g_misc.c(1217,52): warning C4100: 'inflictor': unreferenced formal parameter
C:\Users\migue\.ssh\MAldana-quake2-full\game\g_misc.c(1330,89): warning C4100: 'surf': unreferenced formal parameter
C:\Users\migue\.ssh\MAldana-quake2-full\game\g_misc.c(1330,70): warning C4100: 'plane': unreferenced formal parameter
C:\Users\migue\.ssh\MAldana-quake2-full\game\g_misc.c(1330,53): warning C4100: 'other': unreferenced formal parameter
C:\Users\migue\.ssh\MAldana-quake2-full\game\g_misc.c(1358,51): warning C4100: 'other': unreferenced formal parameter
C:\Users\migue\.ssh\MAldana-quake2-full\game\g_misc.c(1452,71): warning C4100: 'activator': unreferenced formal parameter
C:\Users\migue\.ssh\MAldana-quake2-full\game\g_misc.c(1452,55): warning C4100: 'other': unreferenced formal parameter
C:\Users\migue\.ssh\MAldana-quake2-full\game\g_misc.c(1577,65): warning C4100: 'activator': unreferenced formal parameter
C:\Users\migue\.ssh\MAldana-quake2-full\game\g_misc.c(1577,49): warning C4100: 'other': unreferenced formal parameter
C:\Users\migue\.ssh\MAldana-quake2-full\game\g_misc.c(1700,11): warning C4996: 'localtime': This function or variable may be unsafe. Consider using localtime_s instead. To disable deprecation, use _CRT_SECURE_NO_WARNINGS. See online help for details.
C:\Users\migue\.ssh\MAldana-quake2-full\game\g_misc.c(1740,46): warning C4100: 'other': unreferenced formal parameter
C:\Users\migue\.ssh\MAldana-quake2-full\game\g_misc.c(1783,84): warning C4100: 'surf': unreferenced formal parameter
C:\Users\migue\.ssh\MAldana-quake2-full\game\g_misc.c(1783,65): warning C4100: 'plane': unreferenced formal parameter
  g_monster.c
C:\Users\migue\.ssh\MAldana-quake2-full\game\g_monster.c(91,95): warning C4100: 'kick': unreferenced formal parameter
C:\Users\migue\.ssh\MAldana-quake2-full\game\g_monster.c(440,43): warning C4100: 'other': unreferenced formal parameter
C:\Users\migue\.ssh\MAldana-quake2-full\game\g_monster.c(483,59): warning C4100: 'other': unreferenced formal parameter
  g_phys.c
  g_save.c
C:\Users\migue\.ssh\MAldana-quake2-full\game\g_save.c(226,25): warning C4100: 'f': unreferenced formal parameter
C:\Users\migue\.ssh\MAldana-quake2-full\game\g_save.c(474,2): warning C4996: 'strcpy': This function or variable may be unsafe. Consider using strcpy_s instead. To disable deprecation, use _CRT_SECURE_NO_WARNINGS. See online help for details.
C:\Users\migue\.ssh\MAldana-quake2-full\game\g_save.c(469,6): warning C4996: 'fopen': This function or variable may be unsafe. Consider using fopen_s instead. To disable deprecation, use _CRT_SECURE_NO_WARNINGS. See online help for details.
C:\Users\migue\.ssh\MAldana-quake2-full\game\g_save.c(495,6): warning C4996: 'fopen': This function or variable may be unsafe. Consider using fopen_s instead. To disable deprecation, use _CRT_SECURE_NO_WARNINGS. See online help for details.
C:\Users\migue\.ssh\MAldana-quake2-full\game\g_save.c(635,6): warning C4996: 'fopen': This function or variable may be unsafe. Consider using fopen_s instead. To disable deprecation, use _CRT_SECURE_NO_WARNINGS. See online help for details.
C:\Users\migue\.ssh\MAldana-quake2-full\game\g_save.c(690,6): warning C4996: 'fopen': This function or variable may be unsafe. Consider using fopen_s instead. To disable deprecation, use _CRT_SECURE_NO_WARNINGS. See online help for details.
  g_spawn.c
C:\Users\migue\.ssh\MAldana-quake2-full\game\g_spawn.c(380,5): warning C4996: 'sscanf': This function or variable may be unsafe. Consider using sscanf_s instead. To disable deprecation, use _CRT_SECURE_NO_WARNINGS. See online help for details.
C:\Users\migue\.ssh\MAldana-quake2-full\game\g_spawn.c(433,3): warning C4996: 'strncpy': This function or variable may be unsafe. Consider using strncpy_s instead. To disable deprecation, use _CRT_SECURE_NO_WARNINGS. See online help for details.
C:\Users\migue\.ssh\MAldana-quake2-full\game\g_spawn.c(543,2): warning C4996: 'strncpy': This function or variable may be unsafe. Consider using strncpy_s instead. To disable deprecation, use _CRT_SECURE_NO_WARNINGS. See online help for details.
C:\Users\migue\.ssh\MAldana-quake2-full\game\g_spawn.c(544,2): warning C4996: 'strncpy': This function or variable may be unsafe. Consider using strncpy_s instead. To disable deprecation, use _CRT_SECURE_NO_WARNINGS. See online help for details.
C:\Users\migue\.ssh\MAldana-quake2-full\game\g_spawn.c(812,3): warning C4996: 'strcpy': This function or variable may be unsafe. Consider using strcpy_s instead. To disable deprecation, use _CRT_SECURE_NO_WARNINGS. See online help for details.
C:\Users\migue\.ssh\MAldana-quake2-full\game\g_spawn.c(819,3): warning C4996: 'strncpy': This function or variable may be unsafe. Consider using strncpy_s instead. To disable deprecation, use _CRT_SECURE_NO_WARNINGS. See online help for details.
C:\Users\migue\.ssh\MAldana-quake2-full\game\g_spawn.c(822,3): warning C4996: 'strncpy': This function or variable may be unsafe. Consider using strncpy_s instead. To disable deprecation, use _CRT_SECURE_NO_WARNINGS. See online help for details.
  g_svcmds.c
C:\Users\migue\.ssh\MAldana-quake2-full\game\g_svcmds.c(244,10): warning C4459: declaration of 'game' hides global declaration
  C:\Users\migue\.ssh\MAldana-quake2-full\game\g_local.h(472,22):
  see declaration of 'game'
  
C:\Users\migue\.ssh\MAldana-quake2-full\game\g_svcmds.c(249,3): warning C4996: 'sprintf': This function or variable may be unsafe. Consider using sprintf_s instead. To disable deprecation, use _CRT_SECURE_NO_WARNINGS. See online help for details.
C:\Users\migue\.ssh\MAldana-quake2-full\game\g_svcmds.c(251,3): warning C4996: 'sprintf': This function or variable may be unsafe. Consider using sprintf_s instead. To disable deprecation, use _CRT_SECURE_NO_WARNINGS. See online help for details.
C:\Users\migue\.ssh\MAldana-quake2-full\game\g_svcmds.c(255,6): warning C4996: 'fopen': This function or variable may be unsafe. Consider using fopen_s instead. To disable deprecation, use _CRT_SECURE_NO_WARNINGS. See online help for details.
  g_target.c
C:\Users\migue\.ssh\MAldana-quake2-full\game\g_target.c(26,62): warning C4100: 'activator': unreferenced formal parameter
C:\Users\migue\.ssh\MAldana-quake2-full\game\g_target.c(26,46): warning C4100: 'other': unreferenced formal parameter
C:\Users\migue\.ssh\MAldana-quake2-full\game\g_target.c(58,65): warning C4100: 'activator': unreferenced formal parameter
C:\Users\migue\.ssh\MAldana-quake2-full\game\g_target.c(58,49): warning C4100: 'other': unreferenced formal parameter
C:\Users\migue\.ssh\MAldana-quake2-full\game\g_target.c(93,3): warning C4996: 'strncpy': This function or variable may be unsafe. Consider using strncpy_s instead. To disable deprecation, use _CRT_SECURE_NO_WARNINGS. See online help for details.
C:\Users\migue\.ssh\MAldana-quake2-full\game\g_target.c(121,3): warning C4996: 'strncpy': This function or variable may be unsafe. Consider using strncpy_s instead. To disable deprecation, use _CRT_SECURE_NO_WARNINGS. See online help for details.
C:\Users\migue\.ssh\MAldana-quake2-full\game\g_target.c(123,3): warning C4996: 'strncpy': This function or variable may be unsafe. Consider using strncpy_s instead. To disable deprecation, use _CRT_SECURE_NO_WARNINGS. See online help for details.
C:\Users\migue\.ssh\MAldana-quake2-full\game\g_target.c(118,62): warning C4100: 'activator': unreferenced formal parameter
C:\Users\migue\.ssh\MAldana-quake2-full\game\g_target.c(118,46): warning C4100: 'other': unreferenced formal parameter
C:\Users\migue\.ssh\MAldana-quake2-full\game\g_target.c(154,48): warning C4100: 'other': unreferenced formal parameter
C:\Users\migue\.ssh\MAldana-quake2-full\game\g_target.c(189,46): warning C4100: 'other': unreferenced formal parameter
C:\Users\migue\.ssh\MAldana-quake2-full\game\g_target.c(244,52): warning C4100: 'other': unreferenced formal parameter
C:\Users\migue\.ssh\MAldana-quake2-full\game\g_target.c(338,49): warning C4100: 'other': unreferenced formal parameter
C:\Users\migue\.ssh\MAldana-quake2-full\game\g_target.c(380,66): warning C4100: 'activator': unreferenced formal parameter
C:\Users\migue\.ssh\MAldana-quake2-full\game\g_target.c(380,50): warning C4100: 'other': unreferenced formal parameter
C:\Users\migue\.ssh\MAldana-quake2-full\game\g_target.c(416,66): warning C4100: 'activator': unreferenced formal parameter
C:\Users\migue\.ssh\MAldana-quake2-full\game\g_target.c(416,50): warning C4100: 'other': unreferenced formal parameter
C:\Users\migue\.ssh\MAldana-quake2-full\game\g_target.c(451,78): warning C4100: 'activator': unreferenced formal parameter
C:\Users\migue\.ssh\MAldana-quake2-full\game\g_target.c(451,62): warning C4100: 'other': unreferenced formal parameter
C:\Users\migue\.ssh\MAldana-quake2-full\game\g_target.c(576,48): warning C4100: 'other': unreferenced formal parameter
C:\Users\migue\.ssh\MAldana-quake2-full\game\g_target.c(679,68): warning C4100: 'activator': unreferenced formal parameter
C:\Users\migue\.ssh\MAldana-quake2-full\game\g_target.c(679,52): warning C4100: 'other': unreferenced formal parameter
C:\Users\migue\.ssh\MAldana-quake2-full\game\g_target.c(785,53): warning C4100: 'other': unreferenced formal parameter
  g_trigger.c
C:\Users\migue\.ssh\MAldana-quake2-full\game\g_trigger.c(66,40): warning C4100: 'other': unreferenced formal parameter
C:\Users\migue\.ssh\MAldana-quake2-full\game\g_trigger.c(72,79): warning C4100: 'surf': unreferenced formal parameter
C:\Users\migue\.ssh\MAldana-quake2-full\game\g_trigger.c(72,60): warning C4100: 'plane': unreferenced formal parameter
C:\Users\migue\.ssh\MAldana-quake2-full\game\g_trigger.c(111,62): warning C4100: 'activator': unreferenced formal parameter
C:\Users\migue\.ssh\MAldana-quake2-full\game\g_trigger.c(111,46): warning C4100: 'other': unreferenced formal parameter
C:\Users\migue\.ssh\MAldana-quake2-full\game\g_trigger.c(189,49): warning C4100: 'other': unreferenced formal parameter
C:\Users\migue\.ssh\MAldana-quake2-full\game\g_trigger.c(212,47): warning C4100: 'other': unreferenced formal parameter
C:\Users\migue\.ssh\MAldana-quake2-full\game\g_trigger.c(326,50): warning C4100: 'other': unreferenced formal parameter
C:\Users\migue\.ssh\MAldana-quake2-full\game\g_trigger.c(394,86): warning C4100: 'surf': unreferenced formal parameter
C:\Users\migue\.ssh\MAldana-quake2-full\game\g_trigger.c(394,67): warning C4100: 'plane': unreferenced formal parameter
C:\Users\migue\.ssh\MAldana-quake2-full\game\g_trigger.c(455,56): warning C4100: 'activator': unreferenced formal parameter
C:\Users\migue\.ssh\MAldana-quake2-full\game\g_trigger.c(455,40): warning C4100: 'other': unreferenced formal parameter
C:\Users\migue\.ssh\MAldana-quake2-full\game\g_trigger.c(468,78): warning C4100: 'surf': unreferenced formal parameter
C:\Users\migue\.ssh\MAldana-quake2-full\game\g_trigger.c(468,59): warning C4100: 'plane': unreferenced formal parameter
C:\Users\migue\.ssh\MAldana-quake2-full\game\g_trigger.c(532,89): warning C4100: 'surf': unreferenced formal parameter
C:\Users\migue\.ssh\MAldana-quake2-full\game\g_trigger.c(532,70): warning C4100: 'plane': unreferenced formal parameter
C:\Users\migue\.ssh\MAldana-quake2-full\game\g_trigger.c(566,93): warning C4100: 'surf': unreferenced formal parameter
C:\Users\migue\.ssh\MAldana-quake2-full\game\g_trigger.c(566,74): warning C4100: 'plane': unreferenced formal parameter
  g_turret.c
C:\Users\migue\.ssh\MAldana-quake2-full\game\g_turret.c(278,98): warning C4100: 'point': unreferenced formal parameter
  g_utils.c
C:\Users\migue\.ssh\MAldana-quake2-full\game\g_utils.c(396,2): warning C4996: 'strcpy': This function or variable may be unsafe. Consider using strcpy_s instead. To disable deprecation, use _CRT_SECURE_NO_WARNINGS. See online help for details.
  g_weapon.c
C:\Users\migue\.ssh\MAldana-quake2-full\game\g_weapon.c(457,68): warning C4100: 'plane': unreferenced formal parameter
  m_actor.c
C:\Users\migue\.ssh\MAldana-quake2-full\game\m_actor.c(230,65): warning C4100: 'damage': unreferenced formal parameter
C:\Users\migue\.ssh\MAldana-quake2-full\game\m_actor.c(230,55): warning C4100: 'kick': unreferenced formal parameter
C:\Users\migue\.ssh\MAldana-quake2-full\game\m_actor.c(339,90): warning C4100: 'point': unreferenced formal parameter
C:\Users\migue\.ssh\MAldana-quake2-full\game\m_actor.c(339,61): warning C4100: 'attacker': unreferenced formal parameter
C:\Users\migue\.ssh\MAldana-quake2-full\game\m_actor.c(339,41): warning C4100: 'inflictor': unreferenced formal parameter
C:\Users\migue\.ssh\MAldana-quake2-full\game\m_actor.c(401,57): warning C4100: 'activator': unreferenced formal parameter
C:\Users\migue\.ssh\MAldana-quake2-full\game\m_actor.c(401,41): warning C4100: 'other': unreferenced formal parameter
C:\Users\migue\.ssh\MAldana-quake2-full\game\m_actor.c(496,86): warning C4100: 'surf': unreferenced formal parameter
C:\Users\migue\.ssh\MAldana-quake2-full\game\m_actor.c(496,67): warning C4100: 'plane': unreferenced formal parameter
  m_berserk.c
C:\Users\migue\.ssh\MAldana-quake2-full\game\m_berserk.c(39,45): warning C4100: 'other': unreferenced formal parameter
C:\Users\migue\.ssh\MAldana-quake2-full\game\m_berserk.c(222,31): warning C4100: 'self': unreferenced formal parameter
C:\Users\migue\.ssh\MAldana-quake2-full\game\m_berserk.c(315,57): warning C4100: 'kick': unreferenced formal parameter
C:\Users\migue\.ssh\MAldana-quake2-full\game\m_berserk.c(315,44): warning C4100: 'other': unreferenced formal parameter
C:\Users\migue\.ssh\MAldana-quake2-full\game\m_berserk.c(381,92): warning C4100: 'point': unreferenced formal parameter
C:\Users\migue\.ssh\MAldana-quake2-full\game\m_berserk.c(381,63): warning C4100: 'attacker': unreferenced formal parameter
C:\Users\migue\.ssh\MAldana-quake2-full\game\m_berserk.c(381,43): warning C4100: 'inflictor': unreferenced formal parameter
  Generating Code...
C:\Users\migue\.ssh\MAldana-quake2-full\game\g_utils.c(215): warning C4706: assignment within conditional expression
C:\Users\migue\.ssh\MAldana-quake2-full\game\g_utils.c(232): warning C4706: assignment within conditional expression
C:\Users\migue\.ssh\MAldana-quake2-full\game\g_func.c(859): warning C4706: assignment within conditional expression
C:\Users\migue\.ssh\MAldana-quake2-full\game\g_combat.c(249): warning C4701: potentially uninitialized local variable 'index' used
C:\Users\migue\.ssh\MAldana-quake2-full\game\g_combat.c(209): warning C4701: potentially uninitialized local variable 'power' used
  Compiling...
  m_boss2.c
C:\Users\migue\.ssh\MAldana-quake2-full\game\m_boss2.c(470,55): warning C4100: 'kick': unreferenced formal parameter
C:\Users\migue\.ssh\MAldana-quake2-full\game\m_boss2.c(470,42): warning C4100: 'other': unreferenced formal parameter
C:\Users\migue\.ssh\MAldana-quake2-full\game\m_boss2.c(507,90): warning C4100: 'point': unreferenced formal parameter
C:\Users\migue\.ssh\MAldana-quake2-full\game\m_boss2.c(507,75): warning C4100: 'damage': unreferenced formal parameter
C:\Users\migue\.ssh\MAldana-quake2-full\game\m_boss2.c(507,61): warning C4100: 'attacker': unreferenced formal parameter
C:\Users\migue\.ssh\MAldana-quake2-full\game\m_boss2.c(507,41): warning C4100: 'inflictor': unreferenced formal parameter
  m_boss3.c
C:\Users\migue\.ssh\MAldana-quake2-full\game\m_boss3.c(31,56): warning C4100: 'activator': unreferenced formal parameter
C:\Users\migue\.ssh\MAldana-quake2-full\game\m_boss3.c(31,40): warning C4100: 'other': unreferenced formal parameter
  m_boss31.c
C:\Users\migue\.ssh\MAldana-quake2-full\game\m_boss31.c(31,41): warning C4431: missing type specifier - int assumed. Note: C no longer supports default-int
C:\Users\migue\.ssh\MAldana-quake2-full\game\m_boss31.c(416,54): warning C4100: 'kick': unreferenced formal parameter
C:\Users\migue\.ssh\MAldana-quake2-full\game\m_boss31.c(416,41): warning C4100: 'other': unreferenced formal parameter
C:\Users\migue\.ssh\MAldana-quake2-full\game\m_boss31.c(560,26): warning C4100: 'self': unreferenced formal parameter
C:\Users\migue\.ssh\MAldana-quake2-full\game\m_boss31.c(589,89): warning C4100: 'point': unreferenced formal parameter
C:\Users\migue\.ssh\MAldana-quake2-full\game\m_boss31.c(589,74): warning C4100: 'damage': unreferenced formal parameter
C:\Users\migue\.ssh\MAldana-quake2-full\game\m_boss31.c(589,60): warning C4100: 'attacker': unreferenced formal parameter
C:\Users\migue\.ssh\MAldana-quake2-full\game\m_boss31.c(589,40): warning C4100: 'inflictor': unreferenced formal parameter
  m_boss32.c
C:\Users\migue\.ssh\MAldana-quake2-full\game\m_boss32.c(555,56): warning C4100: 'kick': unreferenced formal parameter
C:\Users\migue\.ssh\MAldana-quake2-full\game\m_boss32.c(555,43): warning C4100: 'other': unreferenced formal parameter
C:\Users\migue\.ssh\MAldana-quake2-full\game\m_boss32.c(601,43): warning C4100: 'other': unreferenced formal parameter
C:\Users\migue\.ssh\MAldana-quake2-full\game\m_boss32.c(673,91): warning C4100: 'point': unreferenced formal parameter
C:\Users\migue\.ssh\MAldana-quake2-full\game\m_boss32.c(673,62): warning C4100: 'attacker': unreferenced formal parameter
C:\Users\migue\.ssh\MAldana-quake2-full\game\m_boss32.c(673,42): warning C4100: 'inflictor': unreferenced formal parameter
  m_brain.c
C:\Users\migue\.ssh\MAldana-quake2-full\game\m_brain.c(48,43): warning C4100: 'other': unreferenced formal parameter
C:\Users\migue\.ssh\MAldana-quake2-full\game\m_brain.c(542,65): warning C4100: 'damage': unreferenced formal parameter
C:\Users\migue\.ssh\MAldana-quake2-full\game\m_brain.c(542,55): warning C4100: 'kick': unreferenced formal parameter
C:\Users\migue\.ssh\MAldana-quake2-full\game\m_brain.c(542,42): warning C4100: 'other': unreferenced formal parameter
C:\Users\migue\.ssh\MAldana-quake2-full\game\m_brain.c(586,90): warning C4100: 'point': unreferenced formal parameter
C:\Users\migue\.ssh\MAldana-quake2-full\game\m_brain.c(586,61): warning C4100: 'attacker': unreferenced formal parameter
C:\Users\migue\.ssh\MAldana-quake2-full\game\m_brain.c(586,41): warning C4100: 'inflictor': unreferenced formal parameter
  m_chick.c
C:\Users\migue\.ssh\MAldana-quake2-full\game\m_chick.c(266,55): warning C4100: 'kick': unreferenced formal parameter
C:\Users\migue\.ssh\MAldana-quake2-full\game\m_chick.c(266,42): warning C4100: 'other': unreferenced formal parameter
C:\Users\migue\.ssh\MAldana-quake2-full\game\m_chick.c(353,90): warning C4100: 'point': unreferenced formal parameter
C:\Users\migue\.ssh\MAldana-quake2-full\game\m_chick.c(353,61): warning C4100: 'attacker': unreferenced formal parameter
C:\Users\migue\.ssh\MAldana-quake2-full\game\m_chick.c(353,41): warning C4100: 'inflictor': unreferenced formal parameter
C:\Users\migue\.ssh\MAldana-quake2-full\game\m_chick.c(430,59): warning C4100: 'eta': unreferenced formal parameter
C:\Users\migue\.ssh\MAldana-quake2-full\game\m_chick.c(619,42): warning C4100: 'other': unreferenced formal parameter
  m_flipper.c
C:\Users\migue\.ssh\MAldana-quake2-full\game\m_flipper.c(223,67): warning C4100: 'damage': unreferenced formal parameter
C:\Users\migue\.ssh\MAldana-quake2-full\game\m_flipper.c(223,57): warning C4100: 'kick': unreferenced formal parameter
C:\Users\migue\.ssh\MAldana-quake2-full\game\m_flipper.c(223,44): warning C4100: 'other': unreferenced formal parameter
C:\Users\migue\.ssh\MAldana-quake2-full\game\m_flipper.c(327,45): warning C4100: 'other': unreferenced formal parameter
C:\Users\migue\.ssh\MAldana-quake2-full\game\m_flipper.c(332,92): warning C4100: 'point': unreferenced formal parameter
C:\Users\migue\.ssh\MAldana-quake2-full\game\m_flipper.c(332,63): warning C4100: 'attacker': unreferenced formal parameter
C:\Users\migue\.ssh\MAldana-quake2-full\game\m_flipper.c(332,43): warning C4100: 'inflictor': unreferenced formal parameter
  m_float.c
C:\Users\migue\.ssh\MAldana-quake2-full\game\m_float.c(41,45): warning C4100: 'other': unreferenced formal parameter
C:\Users\migue\.ssh\MAldana-quake2-full\game\m_float.c(566,67): warning C4100: 'damage': unreferenced formal parameter
C:\Users\migue\.ssh\MAldana-quake2-full\game\m_float.c(566,57): warning C4100: 'kick': unreferenced formal parameter
C:\Users\migue\.ssh\MAldana-quake2-full\game\m_float.c(566,44): warning C4100: 'other': unreferenced formal parameter
C:\Users\migue\.ssh\MAldana-quake2-full\game\m_float.c(603,92): warning C4100: 'point': unreferenced formal parameter
C:\Users\migue\.ssh\MAldana-quake2-full\game\m_float.c(603,77): warning C4100: 'damage': unreferenced formal parameter
C:\Users\migue\.ssh\MAldana-quake2-full\game\m_float.c(603,63): warning C4100: 'attacker': unreferenced formal parameter
C:\Users\migue\.ssh\MAldana-quake2-full\game\m_float.c(603,43): warning C4100: 'inflictor': unreferenced formal parameter
  m_flyer.c
C:\Users\migue\.ssh\MAldana-quake2-full\game\m_flyer.c(52,43): warning C4100: 'other': unreferenced formal parameter
C:\Users\migue\.ssh\MAldana-quake2-full\game\m_flyer.c(531,65): warning C4100: 'damage': unreferenced formal parameter
C:\Users\migue\.ssh\MAldana-quake2-full\game\m_flyer.c(531,55): warning C4100: 'kick': unreferenced formal parameter
C:\Users\migue\.ssh\MAldana-quake2-full\game\m_flyer.c(531,42): warning C4100: 'other': unreferenced formal parameter
C:\Users\migue\.ssh\MAldana-quake2-full\game\m_flyer.c(564,89): warning C4100: 'point': unreferenced formal parameter
C:\Users\migue\.ssh\MAldana-quake2-full\game\m_flyer.c(564,74): warning C4100: 'damage': unreferenced formal parameter
C:\Users\migue\.ssh\MAldana-quake2-full\game\m_flyer.c(564,60): warning C4100: 'attacker': unreferenced formal parameter
C:\Users\migue\.ssh\MAldana-quake2-full\game\m_flyer.c(564,40): warning C4100: 'inflictor': unreferenced formal parameter
  m_gladiator.c
C:\Users\migue\.ssh\MAldana-quake2-full\game\m_gladiator.c(49,47): warning C4100: 'other': unreferenced formal parameter
C:\Users\migue\.ssh\MAldana-quake2-full\game\m_gladiator.c(240,69): warning C4100: 'damage': unreferenced formal parameter
C:\Users\migue\.ssh\MAldana-quake2-full\game\m_gladiator.c(240,59): warning C4100: 'kick': unreferenced formal parameter
C:\Users\migue\.ssh\MAldana-quake2-full\game\m_gladiator.c(240,46): warning C4100: 'other': unreferenced formal parameter
C:\Users\migue\.ssh\MAldana-quake2-full\game\m_gladiator.c(308,94): warning C4100: 'point': unreferenced formal parameter
C:\Users\migue\.ssh\MAldana-quake2-full\game\m_gladiator.c(308,65): warning C4100: 'attacker': unreferenced formal parameter
C:\Users\migue\.ssh\MAldana-quake2-full\game\m_gladiator.c(308,45): warning C4100: 'inflictor': unreferenced formal parameter
  m_gunner.c
C:\Users\migue\.ssh\MAldana-quake2-full\game\m_gunner.c(46,44): warning C4100: 'other': unreferenced formal parameter
C:\Users\migue\.ssh\MAldana-quake2-full\game\m_gunner.c(283,56): warning C4100: 'kick': unreferenced formal parameter
C:\Users\migue\.ssh\MAldana-quake2-full\game\m_gunner.c(283,43): warning C4100: 'other': unreferenced formal parameter
C:\Users\migue\.ssh\MAldana-quake2-full\game\m_gunner.c(335,91): warning C4100: 'point': unreferenced formal parameter
C:\Users\migue\.ssh\MAldana-quake2-full\game\m_gunner.c(335,62): warning C4100: 'attacker': unreferenced formal parameter
C:\Users\migue\.ssh\MAldana-quake2-full\game\m_gunner.c(335,42): warning C4100: 'inflictor': unreferenced formal parameter
C:\Users\migue\.ssh\MAldana-quake2-full\game\m_gunner.c(409,60): warning C4100: 'eta': unreferenced formal parameter
  m_hover.c
C:\Users\migue\.ssh\MAldana-quake2-full\game\m_hover.c(43,43): warning C4100: 'other': unreferenced formal parameter
C:\Users\migue\.ssh\MAldana-quake2-full\game\m_hover.c(487,55): warning C4100: 'kick': unreferenced formal parameter
C:\Users\migue\.ssh\MAldana-quake2-full\game\m_hover.c(487,42): warning C4100: 'other': unreferenced formal parameter
C:\Users\migue\.ssh\MAldana-quake2-full\game\m_hover.c(541,90): warning C4100: 'point': unreferenced formal parameter
C:\Users\migue\.ssh\MAldana-quake2-full\game\m_hover.c(541,61): warning C4100: 'attacker': unreferenced formal parameter
C:\Users\migue\.ssh\MAldana-quake2-full\game\m_hover.c(541,41): warning C4100: 'inflictor': unreferenced formal parameter
  m_infantry.c
C:\Users\migue\.ssh\MAldana-quake2-full\game\m_infantry.c(215,68): warning C4100: 'damage': unreferenced formal parameter
C:\Users\migue\.ssh\MAldana-quake2-full\game\m_infantry.c(215,58): warning C4100: 'kick': unreferenced formal parameter
C:\Users\migue\.ssh\MAldana-quake2-full\game\m_infantry.c(215,45): warning C4100: 'other': unreferenced formal parameter
C:\Users\migue\.ssh\MAldana-quake2-full\game\m_infantry.c(299,46): warning C4100: 'other': unreferenced formal parameter
C:\Users\migue\.ssh\MAldana-quake2-full\game\m_infantry.c(386,93): warning C4100: 'point': unreferenced formal parameter
C:\Users\migue\.ssh\MAldana-quake2-full\game\m_infantry.c(386,64): warning C4100: 'attacker': unreferenced formal parameter
C:\Users\migue\.ssh\MAldana-quake2-full\game\m_infantry.c(386,44): warning C4100: 'inflictor': unreferenced formal parameter
C:\Users\migue\.ssh\MAldana-quake2-full\game\m_infantry.c(466,62): warning C4100: 'eta': unreferenced formal parameter
  m_insane.c
C:\Users\migue\.ssh\MAldana-quake2-full\game\m_insane.c(477,66): warning C4100: 'damage': unreferenced formal parameter
C:\Users\migue\.ssh\MAldana-quake2-full\game\m_insane.c(477,56): warning C4100: 'kick': unreferenced formal parameter
C:\Users\migue\.ssh\MAldana-quake2-full\game\m_insane.c(477,43): warning C4100: 'other': unreferenced formal parameter
C:\Users\migue\.ssh\MAldana-quake2-full\game\m_insane.c(581,91): warning C4100: 'point': unreferenced formal parameter
C:\Users\migue\.ssh\MAldana-quake2-full\game\m_insane.c(581,62): warning C4100: 'attacker': unreferenced formal parameter
C:\Users\migue\.ssh\MAldana-quake2-full\game\m_insane.c(581,42): warning C4100: 'inflictor': unreferenced formal parameter
  m_medic.c
C:\Users\migue\.ssh\MAldana-quake2-full\game\m_medic.c(116,43): warning C4100: 'other': unreferenced formal parameter
C:\Users\migue\.ssh\MAldana-quake2-full\game\m_medic.c(317,65): warning C4100: 'damage': unreferenced formal parameter
C:\Users\migue\.ssh\MAldana-quake2-full\game\m_medic.c(317,55): warning C4100: 'kick': unreferenced formal parameter
C:\Users\migue\.ssh\MAldana-quake2-full\game\m_medic.c(317,42): warning C4100: 'other': unreferenced formal parameter
C:\Users\migue\.ssh\MAldana-quake2-full\game\m_medic.c(413,90): warning C4100: 'point': unreferenced formal parameter
C:\Users\migue\.ssh\MAldana-quake2-full\game\m_medic.c(413,61): warning C4100: 'attacker': unreferenced formal parameter
C:\Users\migue\.ssh\MAldana-quake2-full\game\m_medic.c(413,41): warning C4100: 'inflictor': unreferenced formal parameter
C:\Users\migue\.ssh\MAldana-quake2-full\game\m_medic.c(494,59): warning C4100: 'eta': unreferenced formal parameter
  m_move.c
  m_mutant.c
C:\Users\migue\.ssh\MAldana-quake2-full\game\m_mutant.c(62,44): warning C4100: 'other': unreferenced formal parameter
C:\Users\migue\.ssh\MAldana-quake2-full\game\m_mutant.c(308,85): warning C4100: 'surf': unreferenced formal parameter
C:\Users\migue\.ssh\MAldana-quake2-full\game\m_mutant.c(308,66): warning C4100: 'plane': unreferenced formal parameter
C:\Users\migue\.ssh\MAldana-quake2-full\game\m_mutant.c(496,66): warning C4100: 'damage': unreferenced formal parameter
C:\Users\migue\.ssh\MAldana-quake2-full\game\m_mutant.c(496,56): warning C4100: 'kick': unreferenced formal parameter
C:\Users\migue\.ssh\MAldana-quake2-full\game\m_mutant.c(496,43): warning C4100: 'other': unreferenced formal parameter
C:\Users\migue\.ssh\MAldana-quake2-full\game\m_mutant.c(574,91): warning C4100: 'point': unreferenced formal parameter
C:\Users\migue\.ssh\MAldana-quake2-full\game\m_mutant.c(574,62): warning C4100: 'attacker': unreferenced formal parameter
C:\Users\migue\.ssh\MAldana-quake2-full\game\m_mutant.c(574,42): warning C4100: 'inflictor': unreferenced formal parameter
  m_parasite.c
C:\Users\migue\.ssh\MAldana-quake2-full\game\m_parasite.c(65,46): warning C4100: 'other': unreferenced formal parameter
C:\Users\migue\.ssh\MAldana-quake2-full\game\m_parasite.c(275,68): warning C4100: 'damage': unreferenced formal parameter
C:\Users\migue\.ssh\MAldana-quake2-full\game\m_parasite.c(275,58): warning C4100: 'kick': unreferenced formal parameter
C:\Users\migue\.ssh\MAldana-quake2-full\game\m_parasite.c(275,45): warning C4100: 'other': unreferenced formal parameter
C:\Users\migue\.ssh\MAldana-quake2-full\game\m_parasite.c(471,93): warning C4100: 'point': unreferenced formal parameter
C:\Users\migue\.ssh\MAldana-quake2-full\game\m_parasite.c(471,64): warning C4100: 'attacker': unreferenced formal parameter
C:\Users\migue\.ssh\MAldana-quake2-full\game\m_parasite.c(471,44): warning C4100: 'inflictor': unreferenced formal parameter
  m_soldier.c
C:\Users\migue\.ssh\MAldana-quake2-full\game\m_soldier.c(409,67): warning C4100: 'damage': unreferenced formal parameter
C:\Users\migue\.ssh\MAldana-quake2-full\game\m_soldier.c(409,57): warning C4100: 'kick': unreferenced formal parameter
C:\Users\migue\.ssh\MAldana-quake2-full\game\m_soldier.c(409,44): warning C4100: 'other': unreferenced formal parameter
C:\Users\migue\.ssh\MAldana-quake2-full\game\m_soldier.c(792,44): warning C4100: 'other': unreferenced formal parameter
C:\Users\migue\.ssh\MAldana-quake2-full\game\m_soldier.c(1144,63): warning C4100: 'attacker': unreferenced formal parameter
C:\Users\migue\.ssh\MAldana-quake2-full\game\m_soldier.c(1144,43): warning C4100: 'inflictor': unreferenced formal parameter
  m_supertank.c
C:\Users\migue\.ssh\MAldana-quake2-full\game\m_supertank.c(452,59): warning C4100: 'kick': unreferenced formal parameter
C:\Users\migue\.ssh\MAldana-quake2-full\game\m_supertank.c(452,46): warning C4100: 'other': unreferenced formal parameter
C:\Users\migue\.ssh\MAldana-quake2-full\game\m_supertank.c(657,94): warning C4100: 'point': unreferenced formal parameter
C:\Users\migue\.ssh\MAldana-quake2-full\game\m_supertank.c(657,79): warning C4100: 'damage': unreferenced formal parameter
C:\Users\migue\.ssh\MAldana-quake2-full\game\m_supertank.c(657,65): warning C4100: 'attacker': unreferenced formal parameter
C:\Users\migue\.ssh\MAldana-quake2-full\game\m_supertank.c(657,45): warning C4100: 'inflictor': unreferenced formal parameter
  Generating Code...
  Compiling...
  m_tank.c
C:\Users\migue\.ssh\MAldana-quake2-full\game\m_tank.c(49,42): warning C4100: 'other': unreferenced formal parameter
C:\Users\migue\.ssh\MAldana-quake2-full\game\m_tank.c(288,54): warning C4100: 'kick': unreferenced formal parameter
C:\Users\migue\.ssh\MAldana-quake2-full\game\m_tank.c(288,41): warning C4100: 'other': unreferenced formal parameter
C:\Users\migue\.ssh\MAldana-quake2-full\game\m_tank.c(753,89): warning C4100: 'point': unreferenced formal parameter
C:\Users\migue\.ssh\MAldana-quake2-full\game\m_tank.c(753,60): warning C4100: 'attacker': unreferenced formal parameter
C:\Users\migue\.ssh\MAldana-quake2-full\game\m_tank.c(753,40): warning C4100: 'inflictor': unreferenced formal parameter
  p_client.c
C:\Users\migue\.ssh\MAldana-quake2-full\game\p_client.c(70,42): warning C4100: 'self': unreferenced formal parameter
C:\Users\migue\.ssh\MAldana-quake2-full\game\p_client.c(179,66): warning C4100: 'damage': unreferenced formal parameter
C:\Users\migue\.ssh\MAldana-quake2-full\game\p_client.c(179,56): warning C4100: 'kick': unreferenced formal parameter
C:\Users\migue\.ssh\MAldana-quake2-full\game\p_client.c(179,43): warning C4100: 'other': unreferenced formal parameter
C:\Users\migue\.ssh\MAldana-quake2-full\game\p_client.c(179,28): warning C4100: 'self': unreferenced formal parameter
C:\Users\migue\.ssh\MAldana-quake2-full\game\p_client.c(211,46): warning C4100: 'inflictor': unreferenced formal parameter
C:\Users\migue\.ssh\MAldana-quake2-full\game\p_client.c(501,91): warning C4100: 'point': unreferenced formal parameter
C:\Users\migue\.ssh\MAldana-quake2-full\game\p_client.c(938,89): warning C4100: 'point': unreferenced formal parameter
C:\Users\migue\.ssh\MAldana-quake2-full\game\p_client.c(938,60): warning C4100: 'attacker': unreferenced formal parameter
C:\Users\migue\.ssh\MAldana-quake2-full\game\p_client.c(938,40): warning C4100: 'inflictor': unreferenced formal parameter
C:\Users\migue\.ssh\MAldana-quake2-full\game\p_client.c(1377,3): warning C4996: 'strcpy': This function or variable may be unsafe. Consider using strcpy_s instead. To disable deprecation, use _CRT_SECURE_NO_WARNINGS. See online help for details.
C:\Users\migue\.ssh\MAldana-quake2-full\game\p_client.c(1382,2): warning C4996: 'strncpy': This function or variable may be unsafe. Consider using strncpy_s instead. To disable deprecation, use _CRT_SECURE_NO_WARNINGS. See online help for details.
C:\Users\migue\.ssh\MAldana-quake2-full\game\p_client.c(1422,2): warning C4996: 'strncpy': This function or variable may be unsafe. Consider using strncpy_s instead. To disable deprecation, use _CRT_SECURE_NO_WARNINGS. See online help for details.
  p_hud.c
C:\Users\migue\.ssh\MAldana-quake2-full\game\p_hud.c(234,4): warning C4996: 'strcpy': This function or variable may be unsafe. Consider using strcpy_s instead. To disable deprecation, use _CRT_SECURE_NO_WARNINGS. See online help for details.
C:\Users\migue\.ssh\MAldana-quake2-full\game\p_hud.c(245,3): warning C4996: 'strcpy': This function or variable may be unsafe. Consider using strcpy_s instead. To disable deprecation, use _CRT_SECURE_NO_WARNINGS. See online help for details.
  p_trail.c
  p_view.c
C:\Users\migue\.ssh\MAldana-quake2-full\game\p_view.c(42,27): warning C4100: 'angles': unreferenced formal parameter
  p_weapon.c
  Generating Code...
C:\Users\migue\.ssh\MAldana-quake2-full\game\p_hud.c(423): warning C4701: potentially uninitialized local variable 'cells' used
     Creating library .\..\release\gamex86.lib and object .\..\release\gamex86.exp
  game.vcxproj -> C:\Program Files (x86)\Steam\steamapps\common\Quake 2\slasher\gamex86.dll
